2014-01-24 12:24:45,704 - Velocity was not initialized! Calling init()...
2014-01-24 12:24:45,704 - Velocity was not initialized! Calling init()...
2014-01-24 12:24:45,704 - Velocity was not initialized! Calling init()...
2014-01-24 12:24:45,704 - Velocity was not initialized! Calling init()...
2014-01-24 12:24:45,705 - Created '20' parsers.
2014-01-24 12:24:45,718 - Velocimacro : "velocimacro.library" is not set.  Trying default library: VM_global_library.vm
2014-01-24 12:24:45,718 - Velocity was not initialized! Calling init()...
2014-01-24 12:24:45,720 - Could not load resource 'VM_global_library.vm' from ResourceLoader org.apache.velocity.runtime.resource.loader.ClasspathResourceLoader: 
org.apache.velocity.exception.ResourceNotFoundException: ClasspathResourceLoader Error: cannot find resource VM_global_library.vm
	at org.apache.velocity.runtime.resource.loader.ClasspathResourceLoader.getResourceStream(ClasspathResourceLoader.java:131)
	at org.apache.velocity.runtime.resource.loader.ResourceLoader.resourceExists(ResourceLoader.java:224)
	at org.apache.velocity.runtime.resource.ResourceManagerImpl.getLoaderForResource(ResourceManagerImpl.java:641)
	at org.apache.velocity.runtime.resource.ResourceManagerImpl.getLoaderNameForResource(ResourceManagerImpl.java:624)
	at org.apache.velocity.runtime.RuntimeInstance.getLoaderNameForResource(RuntimeInstance.java:1464)
	at org.apache.velocity.runtime.VelocimacroFactory.initVelocimacro(VelocimacroFactory.java:159)
	at org.apache.velocity.runtime.RuntimeInstance.init(RuntimeInstance.java:261)
	at org.apache.velocity.runtime.RuntimeInstance.init(RuntimeInstance.java:589)
	at org.apache.velocity.app.VelocityEngine.init(VelocityEngine.java:135)
	at gool.generator.common.CodePrinter.<init>(CodePrinter.java:133)
	at gool.generator.java.JavaCodePrinter.<init>(JavaCodePrinter.java:33)
	at gool.generator.java.JavaPlatform.initializeCodeWriter(JavaPlatform.java:49)
	at gool.generator.common.Platform.getCodePrinter(Platform.java:136)
	at gool.generator.common.CodePrinter.getPrinter(CodePrinter.java:362)
	at gool.generator.GeneratorHelper.printClassDefs(GeneratorHelper.java:111)
	at gool.recognizer.cpp.CppRecognizerV2.main(CppRecognizerV2.java:173)
2014-01-24 12:24:45,723 - Velocimacro : Default library not found.
2014-01-24 12:24:45,723 - Velocimacro : allowInline = true : VMs can be defined inline in templates
2014-01-24 12:24:45,723 - Velocimacro : allowInlineToOverride = false : VMs defined inline may NOT replace previous VM definitions
2014-01-24 12:24:45,723 - Velocimacro : allowInlineLocal = false : VMs defined inline will be global in scope if allowed.
2014-01-24 12:24:45,723 - Velocimacro : autoload off : VM system will not automatically reload global library macros
2014-01-24 12:24:45,787 - ResourceManager : found gool/generator/java/templates/class.vm with loader org.apache.velocity.runtime.resource.loader.ClasspathResourceLoader
2014-01-24 12:24:45,894 - ResourceManager : found gool/generator/java/templates/macros.vm with loader org.apache.velocity.runtime.resource.loader.ClasspathResourceLoader
2014-01-24 12:31:19,570 - Log4JLogChute initialized using file 'velocity.log'
2014-01-24 12:31:19,571 - Starting Apache Velocity v1.6.4 (compiled: 2010-04-27 15:31:23)
2014-01-24 12:31:19,572 - Default Properties File: org/apache/velocity/runtime/defaults/velocity.properties
2014-01-24 12:31:19,572 - Trying to use logger class org.apache.velocity.runtime.log.AvalonLogChute
2014-01-24 12:31:19,572 - Target log system for org.apache.velocity.runtime.log.AvalonLogChute is not available (java.lang.NoClassDefFoundError: org/apache/log/format/Formatter).  Falling back to next log system...
2014-01-24 12:31:19,572 - Trying to use logger class org.apache.velocity.runtime.log.Log4JLogChute
2014-01-24 12:31:19,572 - Using logger class org.apache.velocity.runtime.log.Log4JLogChute
2014-01-24 12:31:19,579 - ResourceLoader instantiated: org.apache.velocity.runtime.resource.loader.ClasspathResourceLoader
2014-01-24 12:31:19,605 - ResourceCache: initialized (class org.apache.velocity.runtime.resource.ResourceCacheImpl) with class java.util.Collections$SynchronizedMap cache map.
2014-01-24 12:31:19,607 - Loaded System Directive: org.apache.velocity.runtime.directive.Define
2014-01-24 12:31:19,610 - Loaded System Directive: org.apache.velocity.runtime.directive.Break
2014-01-24 12:31:19,611 - Loaded System Directive: org.apache.velocity.runtime.directive.Evaluate
2014-01-24 12:31:19,612 - Loaded System Directive: org.apache.velocity.runtime.directive.Literal
2014-01-24 12:31:19,615 - Loaded System Directive: org.apache.velocity.runtime.directive.Macro
2014-01-24 12:31:19,618 - Loaded System Directive: org.apache.velocity.runtime.directive.Parse
2014-01-24 12:31:19,620 - Loaded System Directive: org.apache.velocity.runtime.directive.Include
2014-01-24 12:31:19,622 - Loaded System Directive: org.apache.velocity.runtime.directive.Foreach
2014-01-24 12:31:19,627 - Velocity was not initialized! Calling init()...
2014-01-24 12:31:19,672 - Velocity was not initialized! Calling init()...
2014-01-24 12:31:19,672 - Velocity was not initialized! Calling init()...
2014-01-24 12:31:19,673 - Velocity was not initialized! Calling init()...
2014-01-24 12:31:19,673 - Velocity was not initialized! Calling init()...
2014-01-24 12:31:19,673 - Velocity was not initialized! Calling init()...
2014-01-24 12:31:19,674 - Velocity was not initialized! Calling init()...
2014-01-24 12:31:19,674 - Velocity was not initialized! Calling init()...
2014-01-24 12:31:19,674 - Velocity was not initialized! Calling init()...
2014-01-24 12:31:19,674 - Velocity was not initialized! Calling init()...
2014-01-24 12:31:19,675 - Velocity was not initialized! Calling init()...
2014-01-24 12:31:19,675 - Velocity was not initialized! Calling init()...
2014-01-24 12:31:19,675 - Velocity was not initialized! Calling init()...
2014-01-24 12:31:19,675 - Velocity was not initialized! Calling init()...
2014-01-24 12:31:19,676 - Velocity was not initialized! Calling init()...
2014-01-24 12:31:19,676 - Velocity was not initialized! Calling init()...
2014-01-24 12:31:19,676 - Velocity was not initialized! Calling init()...
2014-01-24 12:31:19,676 - Velocity was not initialized! Calling init()...
2014-01-24 12:31:19,677 - Velocity was not initialized! Calling init()...
2014-01-24 12:31:19,677 - Velocity was not initialized! Calling init()...
2014-01-24 12:31:19,677 - Created '20' parsers.
2014-01-24 12:31:19,692 - Velocimacro : "velocimacro.library" is not set.  Trying default library: VM_global_library.vm
2014-01-24 12:31:19,692 - Velocity was not initialized! Calling init()...
2014-01-24 12:31:19,694 - Could not load resource 'VM_global_library.vm' from ResourceLoader org.apache.velocity.runtime.resource.loader.ClasspathResourceLoader: 
org.apache.velocity.exception.ResourceNotFoundException: ClasspathResourceLoader Error: cannot find resource VM_global_library.vm
	at org.apache.velocity.runtime.resource.loader.ClasspathResourceLoader.getResourceStream(ClasspathResourceLoader.java:131)
	at org.apache.velocity.runtime.resource.loader.ResourceLoader.resourceExists(ResourceLoader.java:224)
	at org.apache.velocity.runtime.resource.ResourceManagerImpl.getLoaderForResource(ResourceManagerImpl.java:641)
	at org.apache.velocity.runtime.resource.ResourceManagerImpl.getLoaderNameForResource(ResourceManagerImpl.java:624)
	at org.apache.velocity.runtime.RuntimeInstance.getLoaderNameForResource(RuntimeInstance.java:1464)
	at org.apache.velocity.runtime.VelocimacroFactory.initVelocimacro(VelocimacroFactory.java:159)
	at org.apache.velocity.runtime.RuntimeInstance.init(RuntimeInstance.java:261)
	at org.apache.velocity.runtime.RuntimeInstance.init(RuntimeInstance.java:589)
	at org.apache.velocity.app.VelocityEngine.init(VelocityEngine.java:135)
	at gool.generator.common.CodePrinter.<init>(CodePrinter.java:133)
	at gool.generator.java.JavaCodePrinter.<init>(JavaCodePrinter.java:33)
	at gool.generator.java.JavaPlatform.initializeCodeWriter(JavaPlatform.java:49)
	at gool.generator.common.Platform.getCodePrinter(Platform.java:136)
	at gool.generator.common.CodePrinter.getPrinter(CodePrinter.java:362)
	at gool.generator.GeneratorHelper.printClassDefs(GeneratorHelper.java:111)
	at gool.recognizer.cpp.CppRecognizerV2.main(CppRecognizerV2.java:173)
2014-01-24 12:31:19,698 - Velocimacro : Default library not found.
2014-01-24 12:31:19,698 - Velocimacro : allowInline = true : VMs can be defined inline in templates
2014-01-24 12:31:19,698 - Velocimacro : allowInlineToOverride = false : VMs defined inline may NOT replace previous VM definitions
2014-01-24 12:31:19,698 - Velocimacro : allowInlineLocal = false : VMs defined inline will be global in scope if allowed.
2014-01-24 12:31:19,698 - Velocimacro : autoload off : VM system will not automatically reload global library macros
2014-01-24 12:31:19,757 - ResourceManager : found gool/generator/java/templates/class.vm with loader org.apache.velocity.runtime.resource.loader.ClasspathResourceLoader
2014-01-24 12:31:19,883 - ResourceManager : found gool/generator/java/templates/macros.vm with loader org.apache.velocity.runtime.resource.loader.ClasspathResourceLoader
2014-01-24 12:36:53,822 - Log4JLogChute initialized using file 'velocity.log'
2014-01-24 12:36:53,824 - Starting Apache Velocity v1.6.4 (compiled: 2010-04-27 15:31:23)
2014-01-24 12:36:53,824 - Default Properties File: org/apache/velocity/runtime/defaults/velocity.properties
2014-01-24 12:36:53,824 - Trying to use logger class org.apache.velocity.runtime.log.AvalonLogChute
2014-01-24 12:36:53,824 - Target log system for org.apache.velocity.runtime.log.AvalonLogChute is not available (java.lang.NoClassDefFoundError: org/apache/log/format/Formatter).  Falling back to next log system...
2014-01-24 12:36:53,824 - Trying to use logger class org.apache.velocity.runtime.log.Log4JLogChute
2014-01-24 12:36:53,824 - Using logger class org.apache.velocity.runtime.log.Log4JLogChute
2014-01-24 12:36:53,837 - ResourceLoader instantiated: org.apache.velocity.runtime.resource.loader.ClasspathResourceLoader
2014-01-24 12:36:53,862 - ResourceCache: initialized (class org.apache.velocity.runtime.resource.ResourceCacheImpl) with class java.util.Collections$SynchronizedMap cache map.
2014-01-24 12:36:53,864 - Loaded System Directive: org.apache.velocity.runtime.directive.Define
2014-01-24 12:36:53,866 - Loaded System Directive: org.apache.velocity.runtime.directive.Break
2014-01-24 12:36:53,867 - Loaded System Directive: org.apache.velocity.runtime.directive.Evaluate
2014-01-24 12:36:53,868 - Loaded System Directive: org.apache.velocity.runtime.directive.Literal
2014-01-24 12:36:53,870 - Loaded System Directive: org.apache.velocity.runtime.directive.Macro
2014-01-24 12:36:53,872 - Loaded System Directive: org.apache.velocity.runtime.directive.Parse
2014-01-24 12:36:53,874 - Loaded System Directive: org.apache.velocity.runtime.directive.Include
2014-01-24 12:36:53,876 - Loaded System Directive: org.apache.velocity.runtime.directive.Foreach
2014-01-24 12:36:53,880 - Velocity was not initialized! Calling init()...
2014-01-24 12:36:53,915 - Velocity was not initialized! Calling init()...
2014-01-24 12:36:53,915 - Velocity was not initialized! Calling init()...
2014-01-24 12:36:53,915 - Velocity was not initialized! Calling init()...
2014-01-24 12:36:53,915 - Velocity was not initialized! Calling init()...
2014-01-24 12:36:53,915 - Velocity was not initialized! Calling init()...
2014-01-24 12:36:53,916 - Velocity was not initialized! Calling init()...
2014-01-24 12:36:53,916 - Velocity was not initialized! Calling init()...
2014-01-24 12:36:53,916 - Velocity was not initialized! Calling init()...
2014-01-24 12:36:53,916 - Velocity was not initialized! Calling init()...
2014-01-24 12:36:53,916 - Velocity was not initialized! Calling init()...
2014-01-24 12:36:53,917 - Velocity was not initialized! Calling init()...
2014-01-24 12:36:53,917 - Velocity was not initialized! Calling init()...
2014-01-24 12:36:53,917 - Velocity was not initialized! Calling init()...
2014-01-24 12:36:53,917 - Velocity was not initialized! Calling init()...
2014-01-24 12:36:53,918 - Velocity was not initialized! Calling init()...
2014-01-24 12:36:53,918 - Velocity was not initialized! Calling init()...
2014-01-24 12:36:53,918 - Velocity was not initialized! Calling init()...
2014-01-24 12:36:53,918 - Velocity was not initialized! Calling init()...
2014-01-24 12:36:53,918 - Velocity was not initialized! Calling init()...
2014-01-24 12:36:53,919 - Created '20' parsers.
2014-01-24 12:36:53,935 - Velocimacro : "velocimacro.library" is not set.  Trying default library: VM_global_library.vm
2014-01-24 12:36:53,935 - Velocity was not initialized! Calling init()...
2014-01-24 12:36:53,937 - Could not load resource 'VM_global_library.vm' from ResourceLoader org.apache.velocity.runtime.resource.loader.ClasspathResourceLoader: 
org.apache.velocity.exception.ResourceNotFoundException: ClasspathResourceLoader Error: cannot find resource VM_global_library.vm
	at org.apache.velocity.runtime.resource.loader.ClasspathResourceLoader.getResourceStream(ClasspathResourceLoader.java:131)
	at org.apache.velocity.runtime.resource.loader.ResourceLoader.resourceExists(ResourceLoader.java:224)
	at org.apache.velocity.runtime.resource.ResourceManagerImpl.getLoaderForResource(ResourceManagerImpl.java:641)
	at org.apache.velocity.runtime.resource.ResourceManagerImpl.getLoaderNameForResource(ResourceManagerImpl.java:624)
	at org.apache.velocity.runtime.RuntimeInstance.getLoaderNameForResource(RuntimeInstance.java:1464)
	at org.apache.velocity.runtime.VelocimacroFactory.initVelocimacro(VelocimacroFactory.java:159)
	at org.apache.velocity.runtime.RuntimeInstance.init(RuntimeInstance.java:261)
	at org.apache.velocity.runtime.RuntimeInstance.init(RuntimeInstance.java:589)
	at org.apache.velocity.app.VelocityEngine.init(VelocityEngine.java:135)
	at gool.generator.common.CodePrinter.<init>(CodePrinter.java:133)
	at gool.generator.java.JavaCodePrinter.<init>(JavaCodePrinter.java:33)
	at gool.generator.java.JavaPlatform.initializeCodeWriter(JavaPlatform.java:49)
	at gool.generator.common.Platform.getCodePrinter(Platform.java:136)
	at gool.generator.common.CodePrinter.getPrinter(CodePrinter.java:362)
	at gool.generator.GeneratorHelper.printClassDefs(GeneratorHelper.java:111)
	at gool.recognizer.cpp.CppRecognizerV2.main(CppRecognizerV2.java:173)
2014-01-24 12:36:53,941 - Velocimacro : Default library not found.
2014-01-24 12:36:53,941 - Velocimacro : allowInline = true : VMs can be defined inline in templates
2014-01-24 12:36:53,941 - Velocimacro : allowInlineToOverride = false : VMs defined inline may NOT replace previous VM definitions
2014-01-24 12:36:53,941 - Velocimacro : allowInlineLocal = false : VMs defined inline will be global in scope if allowed.
2014-01-24 12:36:53,941 - Velocimacro : autoload off : VM system will not automatically reload global library macros
2014-01-24 12:36:53,987 - ResourceManager : found gool/generator/java/templates/class.vm with loader org.apache.velocity.runtime.resource.loader.ClasspathResourceLoader
2014-01-24 12:36:54,093 - ResourceManager : found gool/generator/java/templates/macros.vm with loader org.apache.velocity.runtime.resource.loader.ClasspathResourceLoader
2014-01-24 13:06:45,593 - Log4JLogChute initialized using file 'velocity.log'
2014-01-24 13:06:45,596 - Starting Apache Velocity v1.6.4 (compiled: 2010-04-27 15:31:23)
2014-01-24 13:06:45,596 - Default Properties File: org/apache/velocity/runtime/defaults/velocity.properties
2014-01-24 13:06:45,596 - Trying to use logger class org.apache.velocity.runtime.log.AvalonLogChute
2014-01-24 13:06:45,596 - Target log system for org.apache.velocity.runtime.log.AvalonLogChute is not available (java.lang.NoClassDefFoundError: org/apache/log/format/Formatter).  Falling back to next log system...
2014-01-24 13:06:45,596 - Trying to use logger class org.apache.velocity.runtime.log.Log4JLogChute
2014-01-24 13:06:45,596 - Using logger class org.apache.velocity.runtime.log.Log4JLogChute
2014-01-24 13:06:45,605 - ResourceLoader instantiated: org.apache.velocity.runtime.resource.loader.ClasspathResourceLoader
2014-01-24 13:06:45,632 - ResourceCache: initialized (class org.apache.velocity.runtime.resource.ResourceCacheImpl) with class java.util.Collections$SynchronizedMap cache map.
2014-01-24 13:06:45,636 - Loaded System Directive: org.apache.velocity.runtime.directive.Define
2014-01-24 13:06:45,640 - Loaded System Directive: org.apache.velocity.runtime.directive.Break
2014-01-24 13:06:45,643 - Loaded System Directive: org.apache.velocity.runtime.directive.Evaluate
2014-01-24 13:06:45,645 - Loaded System Directive: org.apache.velocity.runtime.directive.Literal
2014-01-24 13:06:45,648 - Loaded System Directive: org.apache.velocity.runtime.directive.Macro
2014-01-24 13:06:45,650 - Loaded System Directive: org.apache.velocity.runtime.directive.Parse
2014-01-24 13:06:45,653 - Loaded System Directive: org.apache.velocity.runtime.directive.Include
2014-01-24 13:06:45,656 - Loaded System Directive: org.apache.velocity.runtime.directive.Foreach
2014-01-24 13:06:45,660 - Velocity was not initialized! Calling init()...
2014-01-24 13:06:45,717 - Velocity was not initialized! Calling init()...
2014-01-24 13:06:45,718 - Velocity was not initialized! Calling init()...
2014-01-24 13:06:45,718 - Velocity was not initialized! Calling init()...
2014-01-24 13:06:45,718 - Velocity was not initialized! Calling init()...
2014-01-24 13:06:45,718 - Velocity was not initialized! Calling init()...
2014-01-24 13:06:45,719 - Velocity was not initialized! Calling init()...
2014-01-24 13:06:45,719 - Velocity was not initialized! Calling init()...
2014-01-24 13:06:45,719 - Velocity was not initialized! Calling init()...
2014-01-24 13:06:45,720 - Velocity was not initialized! Calling init()...
2014-01-24 13:06:45,720 - Velocity was not initialized! Calling init()...
2014-01-24 13:06:45,720 - Velocity was not initialized! Calling init()...
2014-01-24 13:06:45,720 - Velocity was not initialized! Calling init()...
2014-01-24 13:06:45,720 - Velocity was not initialized! Calling init()...
2014-01-24 13:06:45,721 - Velocity was not initialized! Calling init()...
2014-01-24 13:06:45,721 - Velocity was not initialized! Calling init()...
2014-01-24 13:06:45,721 - Velocity was not initialized! Calling init()...
2014-01-24 13:06:45,722 - Velocity was not initialized! Calling init()...
2014-01-24 13:06:45,722 - Velocity was not initialized! Calling init()...
2014-01-24 13:06:45,722 - Velocity was not initialized! Calling init()...
2014-01-24 13:06:45,723 - Created '20' parsers.
2014-01-24 13:06:45,739 - Velocimacro : "velocimacro.library" is not set.  Trying default library: VM_global_library.vm
2014-01-24 13:06:45,739 - Velocity was not initialized! Calling init()...
2014-01-24 13:06:45,741 - Could not load resource 'VM_global_library.vm' from ResourceLoader org.apache.velocity.runtime.resource.loader.ClasspathResourceLoader: 
org.apache.velocity.exception.ResourceNotFoundException: ClasspathResourceLoader Error: cannot find resource VM_global_library.vm
	at org.apache.velocity.runtime.resource.loader.ClasspathResourceLoader.getResourceStream(ClasspathResourceLoader.java:131)
	at org.apache.velocity.runtime.resource.loader.ResourceLoader.resourceExists(ResourceLoader.java:224)
	at org.apache.velocity.runtime.resource.ResourceManagerImpl.getLoaderForResource(ResourceManagerImpl.java:641)
	at org.apache.velocity.runtime.resource.ResourceManagerImpl.getLoaderNameForResource(ResourceManagerImpl.java:624)
	at org.apache.velocity.runtime.RuntimeInstance.getLoaderNameForResource(RuntimeInstance.java:1464)
	at org.apache.velocity.runtime.VelocimacroFactory.initVelocimacro(VelocimacroFactory.java:159)
	at org.apache.velocity.runtime.RuntimeInstance.init(RuntimeInstance.java:261)
	at org.apache.velocity.runtime.RuntimeInstance.init(RuntimeInstance.java:589)
	at org.apache.velocity.app.VelocityEngine.init(VelocityEngine.java:135)
	at gool.generator.common.CodePrinter.<init>(CodePrinter.java:133)
	at gool.generator.java.JavaCodePrinter.<init>(JavaCodePrinter.java:33)
	at gool.generator.java.JavaPlatform.initializeCodeWriter(JavaPlatform.java:49)
	at gool.generator.common.Platform.getCodePrinter(Platform.java:136)
	at gool.generator.common.CodePrinter.getPrinter(CodePrinter.java:362)
	at gool.generator.GeneratorHelper.printClassDefs(GeneratorHelper.java:111)
	at gool.recognizer.cpp.CppRecognizerV2.main(CppRecognizerV2.java:173)
2014-01-24 13:06:45,747 - Velocimacro : Default library not found.
2014-01-24 13:06:45,747 - Velocimacro : allowInline = true : VMs can be defined inline in templates
2014-01-24 13:06:45,747 - Velocimacro : allowInlineToOverride = false : VMs defined inline may NOT replace previous VM definitions
2014-01-24 13:06:45,749 - Velocimacro : allowInlineLocal = false : VMs defined inline will be global in scope if allowed.
2014-01-24 13:06:45,750 - Velocimacro : autoload off : VM system will not automatically reload global library macros
2014-01-24 13:06:45,826 - ResourceManager : found gool/generator/java/templates/class.vm with loader org.apache.velocity.runtime.resource.loader.ClasspathResourceLoader
2014-01-24 13:06:45,976 - ResourceManager : found gool/generator/java/templates/macros.vm with loader org.apache.velocity.runtime.resource.loader.ClasspathResourceLoader
